<?xml version="1.0" encoding="UTF-8"?>
<testsuite name="jp.ac.uryukyu.ie.e195741.GameMasterTest" tests="1" skipped="0" failures="0" errors="0" timestamp="2020-01-15T13:27:16" hostname="Shows-MacBook-Air.local" time="0.185">
  <properties/>
  <testcase name="numberCheck()" classname="jp.ac.uryukyu.ie.e195741.GameMasterTest" time="0.185"/>
  <system-out><![CDATA[EAT :1  BITE :2
EAT期待値 -> 1 , EAT結果 -> 1
]]></system-out>
  <system-err><![CDATA[]]></system-err>
</testsuite>
